<?xml version="1.0" encoding="UTF-8"?>
<testng-results skipped="0" failed="0" total="0" passed="0">
  <reporter-output>
  </reporter-output>
  <suite name="com.maestrohealth.Onboarding.AppTest" duration-ms="12" started-at="2016-01-28T15:37:01Z" finished-at="2016-01-28T15:37:01Z">
    <groups>
    </groups>
    <test name="Command line test" duration-ms="12" started-at="2016-01-28T15:37:01Z" finished-at="2016-01-28T15:37:01Z">
    </test> <!-- Command line test -->
  </suite> <!-- com.maestrohealth.Onboarding.AppTest -->
</testng-results>
