<?xml version="1.0" encoding="UTF-8"?>
<!-- Generated by org.testng.reporters.JUnitXMLReporter -->
<testsuite hostname="DESKTOP-M4JHFRS" name="ONB-38 Employer logs into the Onboarding Employer Portal-InternetExplorer_Execution(failed)" tests="3" failures="0" timestamp="12 Feb 2016 02:24:49 GMT" time="206.034" errors="0">
  <testcase name="TC_ONB_38_004" time="61.789" classname="com.maestrohealth.Onboarding.tests_sprint_1.ONB_38_InternetExplorer_Execution"/>
  <testcase name="TC_ONB_38_005" time="57.803" classname="com.maestrohealth.Onboarding.tests_sprint_1.ONB_38_InternetExplorer_Execution"/>
  <testcase name="TC_ONB_38_006" time="72.672" classname="com.maestrohealth.Onboarding.tests_sprint_1.ONB_38_InternetExplorer_Execution"/>
</testsuite> <!-- ONB-38 Employer logs into the Onboarding Employer Portal-InternetExplorer_Execution(failed) -->
