<?xml version="1.0" encoding="UTF-8"?>
<!-- Generated by org.testng.reporters.JUnitXMLReporter -->
<testsuite hostname="DESKTOP-M4JHFRS" name="ONB-38 Employer logs into the Onboarding Employer Portal-Chrome_Execution(failed)" tests="1" failures="0" timestamp="12 Feb 2016 02:22:07 GMT" time="44.187" errors="0">
  <testcase name="TC_ONB_38_007" time="28.826" classname="com.maestrohealth.Onboarding.tests_sprint_1.ONB_38_Chrome_Execution"/>
</testsuite> <!-- ONB-38 Employer logs into the Onboarding Employer Portal-Chrome_Execution(failed) -->
