<?xml version="1.0" encoding="UTF-8"?>
<!-- Generated by org.testng.reporters.JUnitXMLReporter -->
<testsuite hostname="DESKTOP-M4JHFRS" name="ONB-38 Employer logs into the Onboarding Employer Portal - Firefox_Execution(failed)" tests="1" failures="0" timestamp="12 Feb 2016 02:21:48 GMT" time="25.152" errors="0">
  <testcase name="TC_ONB_38_001" time="12.568" classname="com.maestrohealth.Onboarding.tests_sprint_1.ONB_38_Firefox_Execution"/>
</testsuite> <!-- ONB-38 Employer logs into the Onboarding Employer Portal - Firefox_Execution(failed) -->
