<?xml version="1.0" encoding="UTF-8"?>
<!-- Generated by org.testng.reporters.JUnitXMLReporter -->
<testsuite hostname="DESKTOP-M4JHFRS" name="ONB-38 Employer logs into the Onboarding Employer Portal(failed)" tests="1" failures="0" timestamp="30 Jan 2016 16:26:48 GMT" time="34.497" errors="0">
  <testcase name="TC_ONB_38_003" time="23.724" classname="com.maestrohealth.Onboarding.tests_sprint_1.ONB_38_Firefox_Execution"/>
</testsuite> <!-- ONB-38 Employer logs into the Onboarding Employer Portal(failed) -->
