<?xml version="1.0" encoding="UTF-8"?>
<!-- Generated by org.testng.reporters.JUnitXMLReporter -->
<testsuite hostname="CO-IT00576" name="Login Process Employee" tests="12" failures="11" timestamp="3 Feb 2016 14:45:46 GMT" time="104.369" errors="0">
  <testcase name="TC_ONB_40_002" time="17.068" classname="com.maestrohealth.Onboarding.tests_sprint_1.ONB_40_Firefox_Execution">
    <failure type="junit.framework.ComparisonFailure" message="expected:&amp;lt;...address ...&amp;gt; but was:&amp;lt;......&amp;gt;">
      <![CDATA[junit.framework.ComparisonFailure: expected:<...address ...> but was:<......>
	at junit.framework.Assert.assertEquals(Assert.java:81)
	at junit.framework.Assert.assertEquals(Assert.java:87)
	at com.maestrohealth.Onboarding.tests_sprint_1.ONB_40_Firefox_Execution.TC_ONB_40_002(ONB_40_Firefox_Execution.java:31)
	at java.util.concurrent.ThreadPoolExecutor.runWorker(ThreadPoolExecutor.java:1142)
	at java.util.concurrent.ThreadPoolExecutor$Worker.run(ThreadPoolExecutor.java:617)
	at java.lang.Thread.run(Thread.java:745)
... Removed 10 stack frames]]>
    </failure>
  </testcase> <!-- TC_ONB_40_002 -->
  <testcase name="TC_ONB_40_003" time="17.668" classname="com.maestrohealth.Onboarding.tests_sprint_1.ONB_40_Firefox_Execution">
    <failure type="junit.framework.ComparisonFailure" message="expected:&amp;lt;...address ...&amp;gt; but was:&amp;lt;......&amp;gt;">
      <![CDATA[junit.framework.ComparisonFailure: expected:<...address ...> but was:<......>
	at junit.framework.Assert.assertEquals(Assert.java:81)
	at junit.framework.Assert.assertEquals(Assert.java:87)
	at com.maestrohealth.Onboarding.tests_sprint_1.ONB_40_Firefox_Execution.TC_ONB_40_003(ONB_40_Firefox_Execution.java:50)
	at java.util.concurrent.ThreadPoolExecutor.runWorker(ThreadPoolExecutor.java:1142)
	at java.util.concurrent.ThreadPoolExecutor$Worker.run(ThreadPoolExecutor.java:617)
	at java.lang.Thread.run(Thread.java:745)
... Removed 10 stack frames]]>
    </failure>
  </testcase> <!-- TC_ONB_40_003 -->
  <testcase name="TC_ONB_40_004" time="18.05" classname="com.maestrohealth.Onboarding.tests_sprint_1.ONB_40_Firefox_Execution">
    <failure type="junit.framework.ComparisonFailure" message="expected:&amp;lt;...address ...&amp;gt; but was:&amp;lt;......&amp;gt;">
      <![CDATA[junit.framework.ComparisonFailure: expected:<...address ...> but was:<......>
	at junit.framework.Assert.assertEquals(Assert.java:81)
	at junit.framework.Assert.assertEquals(Assert.java:87)
	at com.maestrohealth.Onboarding.tests_sprint_1.ONB_40_Firefox_Execution.TC_ONB_40_004(ONB_40_Firefox_Execution.java:69)
	at java.util.concurrent.ThreadPoolExecutor.runWorker(ThreadPoolExecutor.java:1142)
	at java.util.concurrent.ThreadPoolExecutor$Worker.run(ThreadPoolExecutor.java:617)
	at java.lang.Thread.run(Thread.java:745)
... Removed 10 stack frames]]>
    </failure>
  </testcase> <!-- TC_ONB_40_004 -->
  <testcase name="TC_ONB_40_005" time="19.664" classname="com.maestrohealth.Onboarding.tests_sprint_1.ONB_40_Firefox_Execution">
    <failure type="junit.framework.ComparisonFailure" message="expected:&amp;lt;...address ...&amp;gt; but was:&amp;lt;......&amp;gt;">
      <![CDATA[junit.framework.ComparisonFailure: expected:<...address ...> but was:<......>
	at junit.framework.Assert.assertEquals(Assert.java:81)
	at junit.framework.Assert.assertEquals(Assert.java:87)
	at com.maestrohealth.Onboarding.tests_sprint_1.ONB_40_Firefox_Execution.TC_ONB_40_005(ONB_40_Firefox_Execution.java:88)
	at java.util.concurrent.ThreadPoolExecutor.runWorker(ThreadPoolExecutor.java:1142)
	at java.util.concurrent.ThreadPoolExecutor$Worker.run(ThreadPoolExecutor.java:617)
	at java.lang.Thread.run(Thread.java:745)
... Removed 10 stack frames]]>
    </failure>
  </testcase> <!-- TC_ONB_40_005 -->
  <testcase name="TC_ONB_40_007" time="19.195" classname="com.maestrohealth.Onboarding.tests_sprint_1.ONB_40_Firefox_Execution">
    <failure type="junit.framework.ComparisonFailure" message="expected:&amp;lt;...address ...&amp;gt; but was:&amp;lt;......&amp;gt;">
      <![CDATA[junit.framework.ComparisonFailure: expected:<...address ...> but was:<......>
	at junit.framework.Assert.assertEquals(Assert.java:81)
	at junit.framework.Assert.assertEquals(Assert.java:87)
	at com.maestrohealth.Onboarding.tests_sprint_1.ONB_40_Firefox_Execution.TC_ONB_40_007(ONB_40_Firefox_Execution.java:125)
	at java.util.concurrent.ThreadPoolExecutor.runWorker(ThreadPoolExecutor.java:1142)
	at java.util.concurrent.ThreadPoolExecutor$Worker.run(ThreadPoolExecutor.java:617)
	at java.lang.Thread.run(Thread.java:745)
... Removed 10 stack frames]]>
    </failure>
  </testcase> <!-- TC_ONB_40_007 -->
  <testcase name="TC_ONB_40_006" time="20.873" classname="com.maestrohealth.Onboarding.tests_sprint_1.ONB_40_Firefox_Execution">
    <failure type="junit.framework.ComparisonFailure" message="expected:&amp;lt;...address ...&amp;gt; but was:&amp;lt;......&amp;gt;">
      <![CDATA[junit.framework.ComparisonFailure: expected:<...address ...> but was:<......>
	at junit.framework.Assert.assertEquals(Assert.java:81)
	at junit.framework.Assert.assertEquals(Assert.java:87)
	at com.maestrohealth.Onboarding.tests_sprint_1.ONB_40_Firefox_Execution.TC_ONB_40_006(ONB_40_Firefox_Execution.java:107)
	at java.util.concurrent.ThreadPoolExecutor.runWorker(ThreadPoolExecutor.java:1142)
	at java.util.concurrent.ThreadPoolExecutor$Worker.run(ThreadPoolExecutor.java:617)
	at java.lang.Thread.run(Thread.java:745)
... Removed 10 stack frames]]>
    </failure>
  </testcase> <!-- TC_ONB_40_006 -->
  <testcase name="TC_ONB_40_008" time="19.639" classname="com.maestrohealth.Onboarding.tests_sprint_1.ONB_40_Firefox_Execution">
    <failure type="junit.framework.ComparisonFailure" message="expected:&amp;lt;...address ...&amp;gt; but was:&amp;lt;......&amp;gt;">
      <![CDATA[junit.framework.ComparisonFailure: expected:<...address ...> but was:<......>
	at junit.framework.Assert.assertEquals(Assert.java:81)
	at junit.framework.Assert.assertEquals(Assert.java:87)
	at com.maestrohealth.Onboarding.tests_sprint_1.ONB_40_Firefox_Execution.TC_ONB_40_008(ONB_40_Firefox_Execution.java:144)
	at java.util.concurrent.ThreadPoolExecutor.runWorker(ThreadPoolExecutor.java:1142)
	at java.util.concurrent.ThreadPoolExecutor$Worker.run(ThreadPoolExecutor.java:617)
	at java.lang.Thread.run(Thread.java:745)
... Removed 10 stack frames]]>
    </failure>
  </testcase> <!-- TC_ONB_40_008 -->
  <testcase name="TC_ONB_40_009" time="23.903" classname="com.maestrohealth.Onboarding.tests_sprint_1.ONB_40_Firefox_Execution">
    <failure type="junit.framework.ComparisonFailure" message="expected:&amp;lt;...address ...&amp;gt; but was:&amp;lt;......&amp;gt;">
      <![CDATA[junit.framework.ComparisonFailure: expected:<...address ...> but was:<......>
	at junit.framework.Assert.assertEquals(Assert.java:81)
	at junit.framework.Assert.assertEquals(Assert.java:87)
	at com.maestrohealth.Onboarding.tests_sprint_1.ONB_40_Firefox_Execution.TC_ONB_40_009(ONB_40_Firefox_Execution.java:163)
	at java.util.concurrent.ThreadPoolExecutor.runWorker(ThreadPoolExecutor.java:1142)
	at java.util.concurrent.ThreadPoolExecutor$Worker.run(ThreadPoolExecutor.java:617)
	at java.lang.Thread.run(Thread.java:745)
... Removed 10 stack frames]]>
    </failure>
  </testcase> <!-- TC_ONB_40_009 -->
  <testcase name="TC_ONB_40_010" time="26.771" classname="com.maestrohealth.Onboarding.tests_sprint_1.ONB_40_Firefox_Execution">
    <failure type="junit.framework.ComparisonFailure" message="expected:&amp;lt;...address ...&amp;gt; but was:&amp;lt;......&amp;gt;">
      <![CDATA[junit.framework.ComparisonFailure: expected:<...address ...> but was:<......>
	at junit.framework.Assert.assertEquals(Assert.java:81)
	at junit.framework.Assert.assertEquals(Assert.java:87)
	at com.maestrohealth.Onboarding.tests_sprint_1.ONB_40_Firefox_Execution.TC_ONB_40_010(ONB_40_Firefox_Execution.java:182)
	at java.util.concurrent.ThreadPoolExecutor.runWorker(ThreadPoolExecutor.java:1142)
	at java.util.concurrent.ThreadPoolExecutor$Worker.run(ThreadPoolExecutor.java:617)
	at java.lang.Thread.run(Thread.java:745)
... Removed 10 stack frames]]>
    </failure>
  </testcase> <!-- TC_ONB_40_010 -->
  <testcase name="TC_ONB_40_011" time="34.973" classname="com.maestrohealth.Onboarding.tests_sprint_1.ONB_40_Firefox_Execution">
    <failure type="junit.framework.ComparisonFailure" message="expected:&amp;lt;THANK YOU FOR YOUR REQUEST&amp;gt; but was:&amp;lt;FORGOT USERNAME&amp;gt;">
      <![CDATA[junit.framework.ComparisonFailure: expected:<THANK YOU FOR YOUR REQUEST> but was:<FORGOT USERNAME>
	at junit.framework.Assert.assertEquals(Assert.java:81)
	at junit.framework.Assert.assertEquals(Assert.java:87)
	at com.maestrohealth.Onboarding.tests_sprint_1.ONB_40_Firefox_Execution.TC_ONB_40_011(ONB_40_Firefox_Execution.java:206)
	at java.util.concurrent.ThreadPoolExecutor.runWorker(ThreadPoolExecutor.java:1142)
	at java.util.concurrent.ThreadPoolExecutor$Worker.run(ThreadPoolExecutor.java:617)
	at java.lang.Thread.run(Thread.java:745)
... Removed 10 stack frames]]>
    </failure>
  </testcase> <!-- TC_ONB_40_011 -->
  <testcase name="TC_ONB_40_012" time="32.36" classname="com.maestrohealth.Onboarding.tests_sprint_1.ONB_40_Firefox_Execution">
    <failure type="junit.framework.ComparisonFailure" message="expected:&amp;lt;THANK YOU FOR YOUR REQUEST&amp;gt; but was:&amp;lt;FORGOT USERNAME&amp;gt;">
      <![CDATA[junit.framework.ComparisonFailure: expected:<THANK YOU FOR YOUR REQUEST> but was:<FORGOT USERNAME>
	at junit.framework.Assert.assertEquals(Assert.java:81)
	at junit.framework.Assert.assertEquals(Assert.java:87)
	at com.maestrohealth.Onboarding.tests_sprint_1.ONB_40_Firefox_Execution.TC_ONB_40_012(ONB_40_Firefox_Execution.java:230)
	at java.util.concurrent.ThreadPoolExecutor.runWorker(ThreadPoolExecutor.java:1142)
	at java.util.concurrent.ThreadPoolExecutor$Worker.run(ThreadPoolExecutor.java:617)
	at java.lang.Thread.run(Thread.java:745)
... Removed 10 stack frames]]>
    </failure>
  </testcase> <!-- TC_ONB_40_012 -->
  <testcase name="TC_ONB_40_013" time="39.015" classname="com.maestrohealth.Onboarding.tests_sprint_1.ONB_40_Firefox_Execution"/>
</testsuite> <!-- Login Process Employee -->
