<?xml version="1.0" encoding="UTF-8"?>
<!-- Generated by org.testng.reporters.JUnitXMLReporter -->
<testsuite hostname="CO-IT00576" name="ONB-158 System logs Employer out of Onboarding Employer Portal after timeout " tests="1" failures="1" timestamp="19 Feb 2016 18:47:10 GMT" time="236.552" errors="0">
  <testcase name="TC_ONB_158_001" time="231.112" classname="com.maestrohealth.Onboarding.tests_sprint_1.ONB_158_Chrome_Execution">
    <failure type="junit.framework.ComparisonFailure" message="expected:&amp;lt;...v...&amp;gt; but was:&amp;lt;... ...&amp;gt;">
      <![CDATA[junit.framework.ComparisonFailure: expected:<...v...> but was:<... ...>
	at junit.framework.Assert.assertEquals(Assert.java:81)
	at junit.framework.Assert.assertEquals(Assert.java:87)
	at com.maestrohealth.Onboarding.tests_sprint_1.ONB_158_Chrome_Execution.TC_ONB_158_001(ONB_158_Chrome_Execution.java:61)
	at java.util.concurrent.FutureTask.run(FutureTask.java:266)
	at java.util.concurrent.ThreadPoolExecutor.runWorker(ThreadPoolExecutor.java:1142)
	at java.util.concurrent.ThreadPoolExecutor$Worker.run(ThreadPoolExecutor.java:617)
	at java.lang.Thread.run(Thread.java:745)
... Removed 16 stack frames]]>
    </failure>
  </testcase> <!-- TC_ONB_158_001 -->
</testsuite> <!-- ONB-158 System logs Employer out of Onboarding Employer Portal after timeout  -->
