<?xml version="1.0" encoding="UTF-8"?>
<!-- Generated by org.testng.reporters.JUnitXMLReporter -->
<testsuite hostname="CO-IT00576" name="ONB-38 Employer logs into the Onboarding Employer Portal-Chrome_Execution" tests="9" failures="0" timestamp="19 Feb 2016 18:43:14 GMT" time="271.014" errors="0">
  <testcase name="TC_ONB_38_001" time="18.286" classname="com.maestrohealth.Onboarding.tests_sprint_1.ONB_38_Chrome_Execution"/>
  <testcase name="TC_ONB_38_002" time="25.959" classname="com.maestrohealth.Onboarding.tests_sprint_1.ONB_38_Chrome_Execution"/>
  <testcase name="TC_ONB_38_003" time="25.945" classname="com.maestrohealth.Onboarding.tests_sprint_1.ONB_38_Chrome_Execution"/>
  <testcase name="TC_ONB_38_004" time="29.418" classname="com.maestrohealth.Onboarding.tests_sprint_1.ONB_38_Chrome_Execution"/>
  <testcase name="TC_ONB_38_005" time="23.025" classname="com.maestrohealth.Onboarding.tests_sprint_1.ONB_38_Chrome_Execution"/>
  <testcase name="TC_ONB_38_006" time="26.435" classname="com.maestrohealth.Onboarding.tests_sprint_1.ONB_38_Chrome_Execution"/>
  <testcase name="TC_ONB_38_007" time="29.833" classname="com.maestrohealth.Onboarding.tests_sprint_1.ONB_38_Chrome_Execution"/>
  <testcase name="TC_ONB_38_008" time="20.307" classname="com.maestrohealth.Onboarding.tests_sprint_1.ONB_38_Chrome_Execution"/>
  <testcase name="TC_ONB_38_009" time="16.931" classname="com.maestrohealth.Onboarding.tests_sprint_1.ONB_38_Chrome_Execution"/>
</testsuite> <!-- ONB-38 Employer logs into the Onboarding Employer Portal-Chrome_Execution -->
