<?xml version="1.0" encoding="UTF-8"?>
<!-- Generated by org.testng.reporters.JUnitXMLReporter -->
<testsuite hostname="CO-IT00576" name="ONB-40 Employer forgets username-Chrome_Execution" tests="12" failures="0" timestamp="19 Feb 2016 18:43:40 GMT" time="297.522" errors="0">
  <testcase name="TC_ONB_40_002" time="16.33" classname="com.maestrohealth.Onboarding.tests_sprint_1.ONB_40_Chrome_Execution"/>
  <testcase name="TC_ONB_40_003" time="15.85" classname="com.maestrohealth.Onboarding.tests_sprint_1.ONB_40_Chrome_Execution"/>
  <testcase name="TC_ONB_40_004" time="22.267" classname="com.maestrohealth.Onboarding.tests_sprint_1.ONB_40_Chrome_Execution"/>
  <testcase name="TC_ONB_40_005" time="17.779" classname="com.maestrohealth.Onboarding.tests_sprint_1.ONB_40_Chrome_Execution"/>
  <testcase name="TC_ONB_40_006" time="20.931" classname="com.maestrohealth.Onboarding.tests_sprint_1.ONB_40_Chrome_Execution"/>
  <testcase name="TC_ONB_40_007" time="16.189" classname="com.maestrohealth.Onboarding.tests_sprint_1.ONB_40_Chrome_Execution"/>
  <testcase name="TC_ONB_40_008" time="14.947" classname="com.maestrohealth.Onboarding.tests_sprint_1.ONB_40_Chrome_Execution"/>
  <testcase name="TC_ONB_40_009" time="19.428" classname="com.maestrohealth.Onboarding.tests_sprint_1.ONB_40_Chrome_Execution"/>
  <testcase name="TC_ONB_40_010" time="15.436" classname="com.maestrohealth.Onboarding.tests_sprint_1.ONB_40_Chrome_Execution"/>
  <testcase name="TC_ONB_40_011" time="22.702" classname="com.maestrohealth.Onboarding.tests_sprint_1.ONB_40_Chrome_Execution"/>
  <testcase name="TC_ONB_40_012" time="28.662" classname="com.maestrohealth.Onboarding.tests_sprint_1.ONB_40_Chrome_Execution"/>
  <testcase name="TC_ONB_40_013" time="20.804" classname="com.maestrohealth.Onboarding.tests_sprint_1.ONB_40_Chrome_Execution"/>
</testsuite> <!-- ONB-40 Employer forgets username-Chrome_Execution -->
