<?xml version="1.0" encoding="UTF-8"?>
<!-- Generated by org.testng.reporters.JUnitXMLReporter -->
<testsuite hostname="CO-IT00576" name="ONB-37 Employer creates user account for the Onboarding Employer Portal " tests="33" failures="0" timestamp="19 Feb 2016 18:51:08 GMT" time="744.937" errors="0">
  <testcase name="TC_ONB_37" time="14.984" classname="com.maestrohealth.Onboarding.tests_sprint_1.ONB_37_Chrome_Execution"/>
  <testcase name="TC_ONB_37_001" time="16.219" classname="com.maestrohealth.Onboarding.tests_sprint_1.ONB_37_Chrome_Execution"/>
  <testcase name="TC_ONB_37_002" time="21.227" classname="com.maestrohealth.Onboarding.tests_sprint_1.ONB_37_Chrome_Execution"/>
  <testcase name="TC_ONB_37_003" time="15.57" classname="com.maestrohealth.Onboarding.tests_sprint_1.ONB_37_Chrome_Execution"/>
  <testcase name="TC_ONB_37_004" time="19.219" classname="com.maestrohealth.Onboarding.tests_sprint_1.ONB_37_Chrome_Execution"/>
  <testcase name="TC_ONB_37_005" time="15.61" classname="com.maestrohealth.Onboarding.tests_sprint_1.ONB_37_Chrome_Execution"/>
  <testcase name="TC_ONB_37_007" time="14.814" classname="com.maestrohealth.Onboarding.tests_sprint_1.ONB_37_Chrome_Execution"/>
  <testcase name="TC_ONB_37_008" time="19.126" classname="com.maestrohealth.Onboarding.tests_sprint_1.ONB_37_Chrome_Execution"/>
  <testcase name="TC_ONB_37_009" time="15.532" classname="com.maestrohealth.Onboarding.tests_sprint_1.ONB_37_Chrome_Execution"/>
  <testcase name="TC_ONB_37_010" time="15.492" classname="com.maestrohealth.Onboarding.tests_sprint_1.ONB_37_Chrome_Execution"/>
  <testcase name="TC_ONB_37_011" time="16.182" classname="com.maestrohealth.Onboarding.tests_sprint_1.ONB_37_Chrome_Execution"/>
  <testcase name="TC_ONB_37_012" time="15.035" classname="com.maestrohealth.Onboarding.tests_sprint_1.ONB_37_Chrome_Execution"/>
  <testcase name="TC_ONB_37_013" time="13.734" classname="com.maestrohealth.Onboarding.tests_sprint_1.ONB_37_Chrome_Execution"/>
  <testcase name="TC_ONB_37_014" time="19.552" classname="com.maestrohealth.Onboarding.tests_sprint_1.ONB_37_Chrome_Execution"/>
  <testcase name="TC_ONB_37_015" time="15.594" classname="com.maestrohealth.Onboarding.tests_sprint_1.ONB_37_Chrome_Execution"/>
  <testcase name="TC_ONB_37_016" time="18.913" classname="com.maestrohealth.Onboarding.tests_sprint_1.ONB_37_Chrome_Execution"/>
  <testcase name="TC_ONB_37_018" time="12.931" classname="com.maestrohealth.Onboarding.tests_sprint_1.ONB_37_Chrome_Execution"/>
  <testcase name="TC_ONB_37_019" time="12.982" classname="com.maestrohealth.Onboarding.tests_sprint_1.ONB_37_Chrome_Execution"/>
  <testcase name="TC_ONB_37_021" time="20.205" classname="com.maestrohealth.Onboarding.tests_sprint_1.ONB_37_Chrome_Execution"/>
  <testcase name="TC_ONB_37_022" time="21.369" classname="com.maestrohealth.Onboarding.tests_sprint_1.ONB_37_Chrome_Execution"/>
  <testcase name="TC_ONB_37_023" time="23.428" classname="com.maestrohealth.Onboarding.tests_sprint_1.ONB_37_Chrome_Execution"/>
  <testcase name="TC_ONB_37_024" time="21.811" classname="com.maestrohealth.Onboarding.tests_sprint_1.ONB_37_Chrome_Execution"/>
  <testcase name="TC_ONB_37_025" time="21.858" classname="com.maestrohealth.Onboarding.tests_sprint_1.ONB_37_Chrome_Execution"/>
  <testcase name="TC_ONB_37_026" time="22.238" classname="com.maestrohealth.Onboarding.tests_sprint_1.ONB_37_Chrome_Execution"/>
  <testcase name="TC_ONB_37_027" time="22.077" classname="com.maestrohealth.Onboarding.tests_sprint_1.ONB_37_Chrome_Execution"/>
  <testcase name="TC_ONB_37_028" time="21.91" classname="com.maestrohealth.Onboarding.tests_sprint_1.ONB_37_Chrome_Execution"/>
  <testcase name="TC_ONB_37_029" time="17.453" classname="com.maestrohealth.Onboarding.tests_sprint_1.ONB_37_Chrome_Execution"/>
  <testcase name="TC_ONB_37_030" time="16.889" classname="com.maestrohealth.Onboarding.tests_sprint_1.ONB_37_Chrome_Execution"/>
  <testcase name="TC_ONB_37_032" time="15.604" classname="com.maestrohealth.Onboarding.tests_sprint_1.ONB_37_Chrome_Execution"/>
  <testcase name="TC_ONB_37_033" time="22.129" classname="com.maestrohealth.Onboarding.tests_sprint_1.ONB_37_Chrome_Execution"/>
  <testcase name="TC_ONB_37_035" time="20.259" classname="com.maestrohealth.Onboarding.tests_sprint_1.ONB_37_Chrome_Execution"/>
  <testcase name="TC_ONB_37_036" time="21.369" classname="com.maestrohealth.Onboarding.tests_sprint_1.ONB_37_Chrome_Execution"/>
  <testcase name="TC_ONB_37_038" time="20.191" classname="com.maestrohealth.Onboarding.tests_sprint_1.ONB_37_Chrome_Execution"/>
</testsuite> <!-- ONB-37 Employer creates user account for the Onboarding Employer Portal  -->
