<?xml version="1.0" encoding="UTF-8"?>
<!-- Generated by org.testng.reporters.JUnitXMLReporter -->
<testsuite hostname="CO-IT00576" name="ONB-38 Employer logs into the Onboarding Employer Portal - Firefox_Execution" tests="9" failures="0" timestamp="19 Feb 2016 18:44:37 GMT" time="353.781" errors="0">
  <testcase name="TC_ONB_38_001" time="10.45" classname="com.maestrohealth.Onboarding.tests_sprint_1.ONB_38_Firefox_Execution"/>
  <testcase name="TC_ONB_38_002" time="17.353" classname="com.maestrohealth.Onboarding.tests_sprint_1.ONB_38_Firefox_Execution"/>
  <testcase name="TC_ONB_38_003" time="16.263" classname="com.maestrohealth.Onboarding.tests_sprint_1.ONB_38_Firefox_Execution"/>
  <testcase name="TC_ONB_38_004" time="15.489" classname="com.maestrohealth.Onboarding.tests_sprint_1.ONB_38_Firefox_Execution"/>
  <testcase name="TC_ONB_38_005" time="15.464" classname="com.maestrohealth.Onboarding.tests_sprint_1.ONB_38_Firefox_Execution"/>
  <testcase name="TC_ONB_38_006" time="19.373" classname="com.maestrohealth.Onboarding.tests_sprint_1.ONB_38_Firefox_Execution"/>
  <testcase name="TC_ONB_38_007" time="24.53" classname="com.maestrohealth.Onboarding.tests_sprint_1.ONB_38_Firefox_Execution"/>
  <testcase name="TC_ONB_38_008" time="10.303" classname="com.maestrohealth.Onboarding.tests_sprint_1.ONB_38_Firefox_Execution"/>
  <testcase name="TC_ONB_38_009" time="13.766" classname="com.maestrohealth.Onboarding.tests_sprint_1.ONB_38_Firefox_Execution"/>
</testsuite> <!-- ONB-38 Employer logs into the Onboarding Employer Portal - Firefox_Execution -->
