<?xml version="1.0" encoding="UTF-8"?>
<!-- Generated by org.testng.reporters.JUnitXMLReporter -->
<testsuite hostname="CO-IT00576" name="ONB-38 Employer logs into the Onboarding Employer Portal-InternetExplorer_Execution" tests="9" failures="1" timestamp="19 Feb 2016 18:46:16 GMT" time="452.94" errors="0">
  <testcase name="TC_ONB_38_001" time="18.955" classname="com.maestrohealth.Onboarding.tests_sprint_1.ONB_38_InternetExplorer_Execution"/>
  <testcase name="TC_ONB_38_002" time="44.98" classname="com.maestrohealth.Onboarding.tests_sprint_1.ONB_38_InternetExplorer_Execution"/>
  <testcase name="TC_ONB_38_003" time="44.295" classname="com.maestrohealth.Onboarding.tests_sprint_1.ONB_38_InternetExplorer_Execution"/>
  <testcase name="TC_ONB_38_004" time="62.589" classname="com.maestrohealth.Onboarding.tests_sprint_1.ONB_38_InternetExplorer_Execution"/>
  <testcase name="TC_ONB_38_005" time="64.126" classname="com.maestrohealth.Onboarding.tests_sprint_1.ONB_38_InternetExplorer_Execution"/>
  <testcase name="TC_ONB_38_006" time="74.741" classname="com.maestrohealth.Onboarding.tests_sprint_1.ONB_38_InternetExplorer_Execution"/>
  <testcase name="TC_ONB_38_007" time="70.823" classname="com.maestrohealth.Onboarding.tests_sprint_1.ONB_38_InternetExplorer_Execution"/>
  <testcase name="TC_ONB_38_008" time="17.199" classname="com.maestrohealth.Onboarding.tests_sprint_1.ONB_38_InternetExplorer_Execution">
    <failure type="junit.framework.ComparisonFailure" message="expected:&amp;lt;FORGOT USERNAME&amp;gt; but was:&amp;lt;LOGIN&amp;gt;">
      <![CDATA[junit.framework.ComparisonFailure: expected:<FORGOT USERNAME> but was:<LOGIN>
	at junit.framework.Assert.assertEquals(Assert.java:81)
	at junit.framework.Assert.assertEquals(Assert.java:87)
	at com.maestrohealth.Onboarding.tests_sprint_1.ONB_38_InternetExplorer_Execution.TC_ONB_38_008(ONB_38_InternetExplorer_Execution.java:194)
	at java.util.concurrent.FutureTask.run(FutureTask.java:266)
	at java.util.concurrent.ThreadPoolExecutor.runWorker(ThreadPoolExecutor.java:1142)
	at java.util.concurrent.ThreadPoolExecutor$Worker.run(ThreadPoolExecutor.java:617)
	at java.lang.Thread.run(Thread.java:745)
... Removed 16 stack frames]]>
    </failure>
  </testcase> <!-- TC_ONB_38_008 -->
  <testcase name="TC_ONB_38_009" time="12.025" classname="com.maestrohealth.Onboarding.tests_sprint_1.ONB_38_InternetExplorer_Execution"/>
</testsuite> <!-- ONB-38 Employer logs into the Onboarding Employer Portal-InternetExplorer_Execution -->
