<?xml version="1.0" encoding="UTF-8"?>
<!-- Generated by org.testng.reporters.JUnitXMLReporter -->
<testsuite hostname="DESKTOP-M4JHFRS" name="Grupo 1" tests="8" failures="1" timestamp="27 Jan 2016 15:22:48 GMT" time="271.28" errors="0">
  <testcase name="TC_ONB_38_002" time="27.183" classname="com.maestrohealth.Onboarding.tests_sprint_1.Pilot"/>
  <testcase name="TC_ONB_38_001" time="27.086" classname="com.maestrohealth.Onboarding.tests_sprint_1.ONB_38_Firefox_Execution">
    <failure type="java.lang.StringIndexOutOfBoundsException" message="String index out of range: 21">
      <![CDATA[java.lang.StringIndexOutOfBoundsException: String index out of range: 21
	at java.lang.String.substring(Unknown Source)
	at com.maestrohealth.Onboarding.tests_sprint_1.ONB_38_Firefox_Execution.TC_ONB_38_001(ONB_38_Firefox_Execution.java:47)
... Removed 24 stack frames]]>
    </failure>
  </testcase> <!-- TC_ONB_38_001 -->
  <testcase name="TC_ONB_38_002" time="22.986" classname="com.maestrohealth.Onboarding.tests_sprint_1.ONB_38_Firefox_Execution"/>
  <testcase name="TC_ONB_38_003" time="28.914" classname="com.maestrohealth.Onboarding.tests_sprint_1.ONB_38_Firefox_Execution"/>
  <testcase name="TC_ONB_38_004" time="26.973" classname="com.maestrohealth.Onboarding.tests_sprint_1.ONB_38_Firefox_Execution"/>
  <testcase name="TC_ONB_38_005" time="23.296" classname="com.maestrohealth.Onboarding.tests_sprint_1.ONB_38_Firefox_Execution"/>
  <testcase name="TC_ONB_38_006" time="27.635" classname="com.maestrohealth.Onboarding.tests_sprint_1.ONB_38_Firefox_Execution"/>
  <testcase name="TC_ONB_38_007" time="23.002" classname="com.maestrohealth.Onboarding.tests_sprint_1.ONB_38_Firefox_Execution"/>
</testsuite> <!-- Grupo 1 -->
